<?xml version="1.0" ?>
<!DOCTYPE coverage SYSTEM "http://cobertura.sourceforge.net/xml/coverage-04.dtd">
<coverage lines-valid="4" lines-covered="4" line-rate="1" branches-valid="2" branches-covered="2" branch-rate="1" timestamp="1646664936440" complexity="0" version="0.1">
  <sources>
    <source>/home/amit/codecov/codecov</source>
  </sources>
  <packages>
    <class name="hello_world.js" filename="hello_world.js" line-rate="1" branch-rate="1">
      <methods>
        <method name="hello_world" hits="2" signature="()V">
          <lines>
            <line number="1" hits="2"/>
          </lines>
        </method>
      </methods>
      <lines>
        <line number="2" hits="2" branch="true" condition-coverage="100% (2/2)"/>
        <line number="3" hits="1" branch="false"/>
        <line number="5" hits="1" branch="false"/>
        <line number="9" hits="1" branch="false"/>
      </lines>
    </class>
  </packages>
</coverage>
